Arguments: 
  /usr/local/bin/node /usr/local/bin/yarn start

PATH: 
  /usr/local/lib/node_modules/npm/node_modules/npm-lifecycle/node-gyp-bin:/Users/l.polianychko/WebstormProjects/lusy-lazy-load/node_modules/.bin:/usr/local/bin:/usr/bin:/bin:/usr/sbin:/sbin:/Users/l.polianychko/WebstormProjects/lusy-lazy-load/node_modules/.bin

Yarn version: 
  1.15.2

Node version: 
  10.10.0

Platform: 
  darwin x64

Trace: 
  SyntaxError: /Users/l.polianychko/WebstormProjects/lusy-lazy-load/client/package.json: Unexpected token } in JSON at position 1444
      at JSON.parse (<anonymous>)
      at /usr/local/lib/node_modules/yarn/lib/cli.js:1625:59
      at Generator.next (<anonymous>)
      at step (/usr/local/lib/node_modules/yarn/lib/cli.js:304:30)
      at /usr/local/lib/node_modules/yarn/lib/cli.js:315:13

npm manifest: 
  {
    "name": "lusy-lazy-load-client",
    "version": "0.1.0",
    "private": true,
    "dependencies": {
      "@types/jest": "^24.0.11",
      "@types/node": "^11.13.4",
      "@types/react": "^16.8.13",
      "@types/react-dom": "^16.8.4",
      "react": "^16.8.6",
      "react-dom": "^16.8.6",
      "react-scripts": "2.1.8",
      "styled-components": "^4.2.0",
      "tslint": "^5.15.0",
      "tslint-config-airbnb": "^5.11.1",
      "tslint-config-prettier": "^1.18.0",
      "tslint-react": "^4.0.0",
      "typescript": "^3.4.3"
    },
    "devDependencies": {
      "prettier": "1.17.0",
      "stylelint": "^9.9.0",
      "tslint-consistent-codestyle": "^1.14.1"
    },
    "scripts": {
      "start": "react-scripts start",
      "build": "react-scripts build",
      "test": "react-scripts test --env=jsdom",
      "lint:js": "tslint -p 'client/src/**/*.ts{,x}'",
      "lint:js:fix": "npm run lint:js -- --fix",
      "lint:styles": "stylelint 'client/src/**/*.scss'",
      "lint:styled-components": "stylelint --config '.stylelintrc.styled-components.json' client/src/**/*.ts{,x}",
      "lint": "concurrently \"npm run lint:js\" \"npm run lint:styles\" \"npm run lint:styled-components\"",
      "code-format:check": "prettier -l '**/*.{ts,tsx,json,md,js,scss}'",
      "code-format:fix": "prettier --write '**/*.{ts,tsx,json,md,js,scss}'"
    },
    "eslintConfig": {
      "extends": "react-app"
    },
    "browserslist": [
      ">0.2%",
      "not dead",
      "not ie <= 11",
      "not op_mini all"
    ],
  }

yarn manifest: 
  No manifest

Lockfile: 
  No lockfile
